2026-02-09 15:31:22,399 - selenium.webdriver.common.selenium_manager -_process_logs- 137 - WARNING - The msedgedriver version (143.0.3650.96) detected in PATH at C:\Users\dipes\AppData\Local\Programs\Python\Python314\Scripts\msedgedriver.exe might not be compatible with the detected MicrosoftEdge version (144.0.3719.115); currently, msedgedriver 144.0.3719.115 is recommended for MicrosoftEdge 144.*, so it is advised to delete the driver in PATH and retry
2026-02-09 15:31:22,399 - selenium.webdriver.common.selenium_manager -_process_logs- 137 - WARNING - The msedgedriver version (143.0.3650.96) detected in PATH at C:\Users\dipes\AppData\Local\Programs\Python\Python314\Scripts\msedgedriver.exe might not be compatible with the detected MicrosoftEdge version (144.0.3719.115); currently, msedgedriver 144.0.3719.115 is recommended for MicrosoftEdge 144.*, so it is advised to delete the driver in PATH and retry
2026-02-09 15:31:25,938 - root -test_add_Employee- 99 - INFO - Checking Login page
2026-02-09 15:31:25,938 - root -test_add_Employee- 99 - INFO - Checking Login page
2026-02-09 15:31:35,081 - root -test_add_Employee- 104 - INFO - Entering username
2026-02-09 15:31:35,081 - root -test_add_Employee- 104 - INFO - Entering username
2026-02-09 15:31:41,542 - root -test_add_Employee- 108 - INFO - Entering password
2026-02-09 15:31:41,542 - root -test_add_Employee- 108 - INFO - Entering password
2026-02-09 15:32:02,472 - root -test_add_Employee- 115 - INFO - PIM page is opened
2026-02-09 15:32:02,472 - root -test_add_Employee- 115 - INFO - PIM page is opened
2026-02-09 15:32:21,985 - root -test_add_Employee- 117 - INFO - Add Employee page is opened
2026-02-09 15:32:21,985 - root -test_add_Employee- 117 - INFO - Add Employee page is opened
2026-02-09 15:37:12,287 - selenium.webdriver.common.selenium_manager -_process_logs- 137 - WARNING - The msedgedriver version (143.0.3650.96) detected in PATH at C:\Users\dipes\AppData\Local\Programs\Python\Python314\Scripts\msedgedriver.exe might not be compatible with the detected MicrosoftEdge version (144.0.3719.115); currently, msedgedriver 144.0.3719.115 is recommended for MicrosoftEdge 144.*, so it is advised to delete the driver in PATH and retry
2026-02-09 15:37:12,287 - selenium.webdriver.common.selenium_manager -_process_logs- 137 - WARNING - The msedgedriver version (143.0.3650.96) detected in PATH at C:\Users\dipes\AppData\Local\Programs\Python\Python314\Scripts\msedgedriver.exe might not be compatible with the detected MicrosoftEdge version (144.0.3719.115); currently, msedgedriver 144.0.3719.115 is recommended for MicrosoftEdge 144.*, so it is advised to delete the driver in PATH and retry
2026-02-09 15:37:15,659 - root -test_add_Employee- 99 - INFO - Checking Login page
2026-02-09 15:37:15,659 - root -test_add_Employee- 99 - INFO - Checking Login page
2026-02-09 15:37:23,944 - root -test_add_Employee- 104 - INFO - Entering username
2026-02-09 15:37:23,944 - root -test_add_Employee- 104 - INFO - Entering username
2026-02-09 15:37:29,300 - root -test_add_Employee- 108 - INFO - Entering password
2026-02-09 15:37:29,300 - root -test_add_Employee- 108 - INFO - Entering password
2026-02-09 15:37:45,916 - root -test_add_Employee- 115 - INFO - PIM page is opened
2026-02-09 15:37:45,916 - root -test_add_Employee- 115 - INFO - PIM page is opened
2026-02-09 15:37:52,976 - root -test_add_Employee- 117 - INFO - Add Employee page is opened
2026-02-09 15:37:52,976 - root -test_add_Employee- 117 - INFO - Add Employee page is opened
2026-02-09 15:40:07,918 - selenium.webdriver.common.selenium_manager -_process_logs- 137 - WARNING - The msedgedriver version (143.0.3650.96) detected in PATH at C:\Users\dipes\AppData\Local\Programs\Python\Python314\Scripts\msedgedriver.exe might not be compatible with the detected MicrosoftEdge version (144.0.3719.115); currently, msedgedriver 144.0.3719.115 is recommended for MicrosoftEdge 144.*, so it is advised to delete the driver in PATH and retry
2026-02-09 15:40:07,918 - selenium.webdriver.common.selenium_manager -_process_logs- 137 - WARNING - The msedgedriver version (143.0.3650.96) detected in PATH at C:\Users\dipes\AppData\Local\Programs\Python\Python314\Scripts\msedgedriver.exe might not be compatible with the detected MicrosoftEdge version (144.0.3719.115); currently, msedgedriver 144.0.3719.115 is recommended for MicrosoftEdge 144.*, so it is advised to delete the driver in PATH and retry
2026-02-09 15:40:10,699 - root -test_add_Employee- 99 - INFO - Checking Login page
2026-02-09 15:40:10,699 - root -test_add_Employee- 99 - INFO - Checking Login page
2026-02-09 15:40:19,722 - root -test_add_Employee- 104 - INFO - Entering username
2026-02-09 15:40:19,722 - root -test_add_Employee- 104 - INFO - Entering username
2026-02-09 15:40:27,001 - root -test_add_Employee- 108 - INFO - Entering password
2026-02-09 15:40:27,001 - root -test_add_Employee- 108 - INFO - Entering password
2026-02-09 15:41:29,651 - root -test_add_Employee- 115 - INFO - PIM page is opened
2026-02-09 15:41:29,651 - root -test_add_Employee- 115 - INFO - PIM page is opened
2026-02-09 15:41:42,646 - root -test_add_Employee- 117 - INFO - Add Employee page is opened
2026-02-09 15:41:42,646 - root -test_add_Employee- 117 - INFO - Add Employee page is opened
2026-02-09 15:41:48,811 - root -test_add_Employee- 119 - INFO - Image Upload is opened
2026-02-09 15:41:48,811 - root -test_add_Employee- 119 - INFO - Image Upload is opened
2026-02-09 15:41:48,952 - root -test_add_Employee- 121 - INFO - Firstname entered
2026-02-09 15:41:48,952 - root -test_add_Employee- 121 - INFO - Firstname entered
2026-02-09 15:41:49,098 - root -test_add_Employee- 123 - INFO - middle_name entered
2026-02-09 15:41:49,098 - root -test_add_Employee- 123 - INFO - middle_name entered
2026-02-09 15:41:49,281 - root -test_add_Employee- 125 - INFO - lastname entered
2026-02-09 15:41:49,281 - root -test_add_Employee- 125 - INFO - lastname entered
2026-02-09 15:47:59,303 - selenium.webdriver.common.selenium_manager -_process_logs- 137 - WARNING - The msedgedriver version (143.0.3650.96) detected in PATH at C:\Users\dipes\AppData\Local\Programs\Python\Python314\Scripts\msedgedriver.exe might not be compatible with the detected MicrosoftEdge version (144.0.3719.115); currently, msedgedriver 144.0.3719.115 is recommended for MicrosoftEdge 144.*, so it is advised to delete the driver in PATH and retry
2026-02-09 15:47:59,303 - selenium.webdriver.common.selenium_manager -_process_logs- 137 - WARNING - The msedgedriver version (143.0.3650.96) detected in PATH at C:\Users\dipes\AppData\Local\Programs\Python\Python314\Scripts\msedgedriver.exe might not be compatible with the detected MicrosoftEdge version (144.0.3719.115); currently, msedgedriver 144.0.3719.115 is recommended for MicrosoftEdge 144.*, so it is advised to delete the driver in PATH and retry
2026-02-09 15:48:02,442 - root -test_add_Employee- 97 - INFO - Checking Login page
2026-02-09 15:48:02,442 - root -test_add_Employee- 97 - INFO - Checking Login page
2026-02-09 15:48:16,820 - root -test_add_Employee- 102 - INFO - Entering username
2026-02-09 15:48:16,820 - root -test_add_Employee- 102 - INFO - Entering username
2026-02-09 15:48:34,664 - root -test_add_Employee- 106 - INFO - Entering password
2026-02-09 15:48:34,664 - root -test_add_Employee- 106 - INFO - Entering password
2026-02-09 15:50:16,653 - root -test_add_Employee- 113 - INFO - PIM page is opened
2026-02-09 15:50:16,653 - root -test_add_Employee- 113 - INFO - PIM page is opened
2026-02-09 15:50:42,574 - root -test_add_Employee- 115 - INFO - Add Employee page is opened
2026-02-09 15:50:42,574 - root -test_add_Employee- 115 - INFO - Add Employee page is opened
2026-02-09 15:50:52,636 - root -test_add_Employee- 117 - INFO - Image Upload is opened
2026-02-09 15:50:52,636 - root -test_add_Employee- 117 - INFO - Image Upload is opened
2026-02-09 15:50:52,817 - root -test_add_Employee- 119 - INFO - Firstname entered
2026-02-09 15:50:52,817 - root -test_add_Employee- 119 - INFO - Firstname entered
2026-02-09 15:50:53,082 - root -test_add_Employee- 121 - INFO - middle_name entered
2026-02-09 15:50:53,082 - root -test_add_Employee- 121 - INFO - middle_name entered
2026-02-09 15:50:53,244 - root -test_add_Employee- 123 - INFO - lastname entered
2026-02-09 15:50:53,244 - root -test_add_Employee- 123 - INFO - lastname entered
2026-02-09 16:04:29,945 - selenium.webdriver.common.selenium_manager -_process_logs- 137 - WARNING - The msedgedriver version (143.0.3650.96) detected in PATH at C:\Users\dipes\AppData\Local\Programs\Python\Python314\Scripts\msedgedriver.exe might not be compatible with the detected MicrosoftEdge version (144.0.3719.115); currently, msedgedriver 144.0.3719.115 is recommended for MicrosoftEdge 144.*, so it is advised to delete the driver in PATH and retry
2026-02-09 16:04:29,945 - selenium.webdriver.common.selenium_manager -_process_logs- 137 - WARNING - The msedgedriver version (143.0.3650.96) detected in PATH at C:\Users\dipes\AppData\Local\Programs\Python\Python314\Scripts\msedgedriver.exe might not be compatible with the detected MicrosoftEdge version (144.0.3719.115); currently, msedgedriver 144.0.3719.115 is recommended for MicrosoftEdge 144.*, so it is advised to delete the driver in PATH and retry
2026-02-09 16:04:33,016 - root -test_add_Employee- 97 - INFO - Checking Login page
2026-02-09 16:04:33,016 - root -test_add_Employee- 97 - INFO - Checking Login page
2026-02-09 16:04:41,096 - root -test_add_Employee- 102 - INFO - Entering username
2026-02-09 16:04:41,096 - root -test_add_Employee- 102 - INFO - Entering username
2026-02-09 16:04:43,240 - root -test_add_Employee- 106 - INFO - Entering password
2026-02-09 16:04:43,240 - root -test_add_Employee- 106 - INFO - Entering password
2026-02-09 16:04:55,598 - root -test_add_Employee- 113 - INFO - PIM page is opened
2026-02-09 16:04:55,598 - root -test_add_Employee- 113 - INFO - PIM page is opened
2026-02-09 16:04:57,906 - root -test_add_Employee- 115 - INFO - Add Employee page is opened
2026-02-09 16:04:57,906 - root -test_add_Employee- 115 - INFO - Add Employee page is opened
2026-02-09 16:04:58,715 - root -test_add_Employee- 117 - INFO - Image Upload is opened
2026-02-09 16:04:58,715 - root -test_add_Employee- 117 - INFO - Image Upload is opened
2026-02-09 16:04:58,966 - root -test_add_Employee- 119 - INFO - Firstname entered
2026-02-09 16:04:58,966 - root -test_add_Employee- 119 - INFO - Firstname entered
2026-02-09 16:04:59,196 - root -test_add_Employee- 121 - INFO - middle_name entered
2026-02-09 16:04:59,196 - root -test_add_Employee- 121 - INFO - middle_name entered
2026-02-09 16:04:59,399 - root -test_add_Employee- 123 - INFO - lastname entered
2026-02-09 16:04:59,399 - root -test_add_Employee- 123 - INFO - lastname entered
2026-02-09 16:07:47,372 - selenium.webdriver.common.selenium_manager -_process_logs- 137 - WARNING - The msedgedriver version (143.0.3650.96) detected in PATH at C:\Users\dipes\AppData\Local\Programs\Python\Python314\Scripts\msedgedriver.exe might not be compatible with the detected MicrosoftEdge version (144.0.3719.115); currently, msedgedriver 144.0.3719.115 is recommended for MicrosoftEdge 144.*, so it is advised to delete the driver in PATH and retry
2026-02-09 16:07:47,372 - selenium.webdriver.common.selenium_manager -_process_logs- 137 - WARNING - The msedgedriver version (143.0.3650.96) detected in PATH at C:\Users\dipes\AppData\Local\Programs\Python\Python314\Scripts\msedgedriver.exe might not be compatible with the detected MicrosoftEdge version (144.0.3719.115); currently, msedgedriver 144.0.3719.115 is recommended for MicrosoftEdge 144.*, so it is advised to delete the driver in PATH and retry
2026-02-09 16:07:50,405 - root -test_add_Employee- 97 - INFO - Checking Login page
2026-02-09 16:07:50,405 - root -test_add_Employee- 97 - INFO - Checking Login page
2026-02-09 16:07:59,285 - root -test_add_Employee- 102 - INFO - Entering username
2026-02-09 16:07:59,285 - root -test_add_Employee- 102 - INFO - Entering username
2026-02-09 16:08:02,605 - root -test_add_Employee- 106 - INFO - Entering password
2026-02-09 16:08:02,605 - root -test_add_Employee- 106 - INFO - Entering password
2026-02-09 16:08:22,169 - root -test_add_Employee- 113 - INFO - PIM page is opened
2026-02-09 16:08:22,169 - root -test_add_Employee- 113 - INFO - PIM page is opened
2026-02-09 16:08:30,204 - root -test_add_Employee- 115 - INFO - Add Employee page is opened
2026-02-09 16:08:30,204 - root -test_add_Employee- 115 - INFO - Add Employee page is opened
2026-02-09 16:08:32,766 - root -test_add_Employee- 117 - INFO - Image Upload is opened
2026-02-09 16:08:32,766 - root -test_add_Employee- 117 - INFO - Image Upload is opened
2026-02-09 16:08:32,959 - root -test_add_Employee- 119 - INFO - Firstname entered
2026-02-09 16:08:32,959 - root -test_add_Employee- 119 - INFO - Firstname entered
2026-02-09 16:08:33,191 - root -test_add_Employee- 121 - INFO - middle_name entered
2026-02-09 16:08:33,191 - root -test_add_Employee- 121 - INFO - middle_name entered
2026-02-09 16:08:33,355 - root -test_add_Employee- 123 - INFO - lastname entered
2026-02-09 16:08:33,355 - root -test_add_Employee- 123 - INFO - lastname entered
2026-02-09 16:10:24,283 - selenium.webdriver.common.selenium_manager -_process_logs- 137 - WARNING - The msedgedriver version (143.0.3650.96) detected in PATH at C:\Users\dipes\AppData\Local\Programs\Python\Python314\Scripts\msedgedriver.exe might not be compatible with the detected MicrosoftEdge version (144.0.3719.115); currently, msedgedriver 144.0.3719.115 is recommended for MicrosoftEdge 144.*, so it is advised to delete the driver in PATH and retry
2026-02-09 16:10:24,283 - selenium.webdriver.common.selenium_manager -_process_logs- 137 - WARNING - The msedgedriver version (143.0.3650.96) detected in PATH at C:\Users\dipes\AppData\Local\Programs\Python\Python314\Scripts\msedgedriver.exe might not be compatible with the detected MicrosoftEdge version (144.0.3719.115); currently, msedgedriver 144.0.3719.115 is recommended for MicrosoftEdge 144.*, so it is advised to delete the driver in PATH and retry
2026-02-09 16:10:28,047 - root -test_add_Employee- 97 - INFO - Checking Login page
2026-02-09 16:10:28,047 - root -test_add_Employee- 97 - INFO - Checking Login page
2026-02-09 16:10:37,974 - root -test_add_Employee- 102 - INFO - Entering username
2026-02-09 16:10:37,974 - root -test_add_Employee- 102 - INFO - Entering username
2026-02-09 16:10:39,490 - root -test_add_Employee- 106 - INFO - Entering password
2026-02-09 16:10:39,490 - root -test_add_Employee- 106 - INFO - Entering password
2026-02-09 16:11:12,034 - root -test_add_Employee- 113 - INFO - PIM page is opened
2026-02-09 16:11:12,034 - root -test_add_Employee- 113 - INFO - PIM page is opened
2026-02-09 16:11:26,750 - root -test_add_Employee- 115 - INFO - Add Employee page is opened
2026-02-09 16:11:26,750 - root -test_add_Employee- 115 - INFO - Add Employee page is opened
2026-02-09 16:11:32,384 - root -test_add_Employee- 117 - INFO - Image Upload is opened
2026-02-09 16:11:32,384 - root -test_add_Employee- 117 - INFO - Image Upload is opened
2026-02-09 16:11:32,703 - root -test_add_Employee- 119 - INFO - Firstname entered
2026-02-09 16:11:32,703 - root -test_add_Employee- 119 - INFO - Firstname entered
2026-02-09 16:11:33,064 - root -test_add_Employee- 121 - INFO - middle_name entered
2026-02-09 16:11:33,064 - root -test_add_Employee- 121 - INFO - middle_name entered
2026-02-09 16:11:33,258 - root -test_add_Employee- 123 - INFO - lastname entered
2026-02-09 16:11:33,258 - root -test_add_Employee- 123 - INFO - lastname entered
